12:23:41 AM [express] GET /api/whatsapp/api-keys 304 in 1128ms :: {"keys":[],"count":0,"maxKeys":50}
[Agent Stats] Error: error: op ANY/ALL (array) requires array on right side
    at /home/runner/workspace/node_modules/pg-pool/index.js:45:11
    at process.processTicksAndRejections (node:internal/process/task_queues:95:5)
    at async <anonymous> (/home/runner/workspace/node_modules/src/node-postgres/session.ts:104:19)
    at async <anonymous> (/home/runner/workspace/server/routes/whatsapp/agent-stats-router.ts:35:29) {
  length: 120,
  severity: 'ERROR',
  code: '42809',
  detail: undefined,
  hint: undefined,
  position: '97',
  internalPosition: undefined,
  internalQuery: undefined,
  where: undefined,
  schema: undefined,
  table: undefined,
  column: undefined,
  dataType: undefined,
  constraint: undefined,
  file: 'parse_oper.c',
  line: '801',
  routine: 'make_scalar_array_op'
}
12:23:42 AM [express] GET /api/whatsapp/agents/stats 500 in 612ms :: {"error":"Failed to fetch agent â€¦
12:23:42 AM [express] GET /api/whatsapp/agents/leaderboard 304 in 713ms :: [{"id":"760bb513-098f-4722â€¦
12:23:42 AM [vite] hmr update /src/pages/consultant-whatsapp.tsx, /src/index.css?v=R4V2mSiu75iUSJepH_ln4 (x7)
[Activity Feed] Error: error: op ANY/ALL (array) requires array on right side
    at /home/runner/workspace/node_modules/pg-pool/index.js:45:11
    at process.processTicksAndRejections (node:internal/process/task_queues:95:5)
    at async <anonymous> (/home/runner/workspace/node_modules/src/node-postgres/session.ts:104:19)
    at async <anonymous> (/home/runner/workspace/server/routes/whatsapp/agent-stats-router.ts:245:28) {
  length: 121,
  severity: 'ERROR',
  code: '42809',
  detail: undefined,
  hint: undefined,
  position: '440',
  internalPosition: undefined,
  internalQuery: undefined,
  where: undefined,
  schema: undefined,
  table: undefined,
  column: undefined,
  dataType: undefined,
  constraint: undefined,
  file: 'parse_oper.c',
  line: '801',
  routine: 'make_scalar_array_op'
}
12:23:43 AM [express] GET /api/whatsapp/agents/activity-feed 500 in 1334ms :: {"error":"Failed to fetâ€¦
[Agent Stats] Error: error: op ANY/ALL (array) requires array on right side
    at /home/runner/workspace/node_modules/pg-pool/index.js:45:11
    at process.processTicksAndRejections (node:internal/process/task_queues:95:5)
    at async <anonymous> (/home/runner/workspace/node_modules/src/node-postgres/session.ts:104:19)
    at async <anonymous> (/home/runner/workspace/server/routes/whatsapp/agent-stats-router.ts:35:29) {
  length: 120,
  severity: 'ERROR',
  code: '42809',
  detail: undefined,
  hint: undefined,
  position: '97',
  internalPosition: undefined,
  internalQuery: undefined,
  where: undefined,
  schema: undefined,
  table: undefined,
  column: undefined,
  dataType: undefined,
  constraint: undefined,
  file: 'parse_oper.c',
  line: '801',
  routine: 'make_scalar_array_op'
}
12:23:47 AM [express] GET /api/whatsapp/agents/stats 500 in 664ms :: {"error":"Failed to fetch agent â€¦
[Activity Feed] Error: error: op ANY/ALL (array) requires array on right side
    at /home/runner/workspace/node_modules/pg-pool/index.js:45:11
    at process.processTicksAndRejections (node:internal/process/task_queues:95:5)
    at async <anonymous> (/home/runner/workspace/node_modules/src/node-postgres/session.ts:104:19)
    at async <anonymous> (/home/runner/workspace/server/routes/whatsapp/agent-stats-router.ts:245:28) {
  length: 121,
  severity: 'ERROR',
  code: '42809',
  detail: undefined,
  hint: undefined,
  position: '440',
  internalPosition: undefined,
  internalQuery: undefined,
  where: undefined,
  schema: undefined,
  table: undefined,
  column: undefined,
  dataType: undefined,
  constraint: undefined,
  file: 'parse_oper.c',
  line: '801',
  routine: 'make_scalar_array_op'
}
12:23:47 AM [express] GET /api/whatsapp/agents/activity-feed 500 in 667ms :: {"error":"Failed to fetcâ€¦
ðŸ”„ [WHATSAPP POLLING] Starting poll cycle...