[SHEETS POLLING] Date filter applied: 189 -> 32 rows (from 2025-12-30)
[SHEETS POLLING] Processing 32 rows for job f33cfa03-2d1f-4b28-871b-84359e998576 (checking database for each)
[SHEETS POLLING] Using campaign "Campagna Euro Space Massimo" for import
[Stripe Upgrade] Request received: { slug: 'test', targetLevel: '2' }
[Stripe Upgrade] Token decoded: {
  type: 'bronze',
  role: undefined,
  bronzeUserId: '35f86c26-7ef5-4871-8105-e9041f37e8fc',
  managerId: undefined
}
[Stripe Upgrade] Error: error: syntax error at or near "="
    at /home/runner/workspace/node_modules/pg-pool/index.js:45:11
    at process.processTicksAndRejections (node:internal/process/task_queues:95:5)
    at async <anonymous> (/home/runner/workspace/node_modules/src/node-postgres/session.ts:104:19)
    at async <anonymous> (/home/runner/workspace/server/routes/stripe-connect-router.ts:370:21) {
  length: 91,
  severity: 'ERROR',
  code: '42601',
  detail: undefined,
  hint: undefined,
  position: '385',
  internalPosition: undefined,
  internalQuery: undefined,
  where: undefined,
  schema: undefined,
  table: undefined,
  column: undefined,
  dataType: undefined,
  constraint: undefined,
  file: 'scan.l',
  line: '1244',
  routine: 'scanner_yyerror'
}
[Stripe Upgrade] Error details: {
  code: '42601',
  severity: 'ERROR',
  position: '385',
  message: 'syntax error at or near "="'
}
9:27:02 PM [express] POST /api/stripe/upgrade-subscription 500 in 124ms :: {"error":"syntax error at…
[SHEETS POLLING] Completed import for job f33cfa03-2d1f-4b28-871b-84359e998576: 0 imported, 32 duplicates, 0 skipped, 0 errors
[SHEETS POLLING] Polling cycle completed (ExecID: oglrhf)
[Stripe Upgrade] Request received: { slug: 'test', targetLevel: '2' }
[Stripe Upgrade] Token decoded: {
  type: 'bronze',
  role: undefined,
  bronzeUserId: '35f86c26-7ef5-4871-8105-e9041f37e8fc',
  managerId: undefined
}
[Stripe Upgrade] Error: error: syntax error at or near "="
    at /home/runner/workspace/node_modules/pg-pool/index.js:45:11
    at process.processTicksAndRejections (node:internal/process/task_queues:95:5)
    at async <anonymous> (/home/runner/workspace/node_modules/src/node-postgres/session.ts:104:19)
    at async <anonymous> (/home/runner/workspace/server/routes/stripe-connect-router.ts:370:21) {
  length: 91,
  severity: 'ERROR',
  code: '42601',
  detail: undefined,
  hint: undefined,
  position: '385',
  internalPosition: undefined,
  internalQuery: undefined,
  where: undefined,
  schema: undefined,
  table: undefined,
  column: undefined,
  dataType: undefined,
  constraint: undefined,
  file: 'scan.l',
  line: '1244',
  routine: 'scanner_yyerror'
}
[Stripe Upgrade] Error details: {
  code: '42601',
  severity: 'ERROR',
  position: '385',
  message: 'syntax error at or near "="'
}
9:27:06 PM [express] POST /api/stripe/upgrade-subscription 500 in 115ms :: {"error":"syntax error at…
[Stripe Upgrade] Request received: { slug: 'test', targetLevel: '3' }
[Stripe Upgrade] Token decoded: {
  type: 'bronze',
  role: undefined,
  bronzeUserId: '35f86c26-7ef5-4871-8105-e9041f37e8fc',
  managerId: undefined
}
[Stripe Upgrade] Error: error: syntax error at or near "="
    at /home/runner/workspace/node_modules/pg-pool/index.js:45:11
    at process.processTicksAndRejections (node:internal/process/task_queues:95:5)
    at async <anonymous> (/home/runner/workspace/node_modules/src/node-postgres/session.ts:104:19)
    at async <anonymous> (/home/runner/workspace/server/routes/stripe-connect-router.ts:370:21) {
  length: 91,
  severity: 'ERROR',
  code: '42601',
  detail: undefined,
  hint: undefined,
  position: '385',
  internalPosition: undefined,
  internalQuery: undefined,
  where: undefined,
  schema: undefined,
  table: undefined,
  column: undefined,
  dataType: undefined,
  constraint: undefined,
  file: 'scan.l',
  line: '1244',
  routine: 'scanner_yyerror'
}
[Stripe Upgrade] Error details: {
  code: '42601',
  severity: 'ERROR',
  position: '385',
  message: 'syntax error at or near "="'
}